#
# A fatal error has been detected by the Java Runtime Environment:
#
#  EXCEPTION_ACCESS_VIOLATION (0xc0000005) at pc=0x00007ffdd1cba358, pid=18592, tid=15888
#
# JRE version: OpenJDK Runtime Environment (16.0.2+7) (build 16.0.2+7-67)
# Java VM: OpenJDK 64-Bit Server VM (16.0.2+7-67, mixed mode, tiered, compressed oops, compressed class ptrs, g1 gc, windows-amd64)
# Problematic frame:
# V  [jvm.dll+0x23a358]
#
# No core dump will be written. Minidumps are not enabled by default on client versions of Windows
#
# If you would like to submit a bug report, please visit:
#   https://bugreport.java.com/bugreport/crash.jsp
#

---------------  S U M M A R Y ------------

Command Line: -XX:+ShowCodeDetailsInExceptionMessages -agentlib:jdwp=transport=dt_socket,suspend=y,address=localhost:53612 -javaagent:C:\Users\91949\Downloads\eclipse-jee-2021-09-R-win32-x86_64\eclipse\configuration\org.eclipse.osgi\415\0\.cp\lib\javaagent-shaded.jar -Dfile.encoding=Cp1252 automations.selenium

Host: 11th Gen Intel(R) Core(TM) i3-1115G4 @ 3.00GHz, 4 cores, 7G,  Windows 10 , 64 bit Build 19041 (10.0.19041.546)
Time: Wed Dec 15 20:38:04 2021 India Standard Time elapsed time: 996.565111 seconds (0d 0h 16m 36s)

---------------  T H R E A D  ---------------

Current thread (0x00000274cbd4e500):  VMThread "VM Thread" [stack: 0x000000a892600000,0x000000a892700000] [id=15888]

Stack: [0x000000a892600000,0x000000a892700000],  sp=0x000000a8926fecc8,  free space=1019k
Native frames: (J=compiled Java code, j=interpreted, Vv=VM code, C=native code)
V  [jvm.dll+0x23a358]


siginfo: EXCEPTION_ACCESS_VIOLATION (0xc0000005), reading address 0x00000274cd9cf918


Register to memory mapping:

RIP=0x00007ffdd1cba358 jvm.dll
RAX=0x0000000000194040 is an unknown value
RBX=0x00000274cd83a670 is pointing into metadata
RCX=0x00000274cd83b8d8 is pointing into metadata
RDX=0x000000000000ca01 is an unknown value
RSP=0x000000a8926fecc8 points into unknown readable memory: 0x00007ffdd1cba3de | de a3 cb d1 fd 7f 00 00
RBP=0x000000a8926fee00 points into unknown readable memory: 0xffffffffffffffff | ff ff ff ff ff ff ff ff
RSI=0x0000000000000001 is an unknown value
RDI=0x000000a8926ff410 points into unknown readable memory: 0x00007ffdd23b2218 | 18 22 3b d2 fd 7f 00 00
R8 =0x0 is NULL
R9 =0x00000274cd83a670 is pointing into metadata
R10=0x00007ffdd1a80000 jvm.dll
R11={method} {0x00000274cd83a9b0} 'main' '([Ljava/lang/String;)V' in 'automations/selenium'
R12=0x00007ffdd1a80000 jvm.dll
R13=0x00000274cc8ad340 points into unknown readable memory: 0x000000008aeb3600 | 00 36 eb 8a 00 00 00 00
R14=0x00000274cd83a964 is pointing into metadata
R15=0x000000000000001f is an unknown value


Registers:
RAX=0x0000000000194040, RBX=0x00000274cd83a670, RCX=0x00000274cd83b8d8, RDX=0x000000000000ca01
RSP=0x000000a8926fecc8, RBP=0x000000a8926fee00, RSI=0x0000000000000001, RDI=0x000000a8926ff410
R8 =0x0000000000000000, R9 =0x00000274cd83a670, R10=0x00007ffdd1a80000, R11=0x00000274cd83a9a8
R12=0x00007ffdd1a80000, R13=0x00000274cc8ad340, R14=0x00000274cd83a964, R15=0x000000000000001f
RIP=0x00007ffdd1cba358, EFLAGS=0x0000000000010202

Top of Stack: (sp=0x000000a8926fecc8)
0x000000a8926fecc8:   00007ffdd1cba3de 000000a8926fed58
0x000000a8926fecd8:   0000000000000000 00000274cbbf21d0
0x000000a8926fece8:   0000000000000000 000000a8926ff280
0x000000a8926fecf8:   00007ffdd1dacf44 0000000000000000
0x000000a8926fed08:   0000000000000000 0000000000000000
0x000000a8926fed18:   0000000000000000 0000000000000000
0x000000a8926fed28:   0000000000000000 00000274cbbf8360
0x000000a8926fed38:   00007ffd0000000e 0000000000000000
0x000000a8926fed48:   000000a8926feda0 0000000000000001
0x000000a8926fed58:   00000274cbbf8360 0000000300000002
0x000000a8926fed68:   0000000000000003 000000030000000e
0x000000a8926fed78:   00007ffdd2165ac0 0000000000000000
0x000000a8926fed88:   0000000000000000 000000a8926ff4e0
0x000000a8926fed98:   00007ffdd2164fb2 0000000000000000
0x000000a8926feda8:   00007ffdd2165ac0 0000000000000000
0x000000a8926fedb8:   0000000000000000 000000a8926ff410 

Instructions: (pc=0x00007ffdd1cba358)
0x00007ffdd1cba258:   03 03 03 03 03 03 03 03 03 03 03 03 03 03 03 03
0x00007ffdd1cba268:   03 03 03 03 03 03 03 03 03 03 03 03 03 03 03 03
0x00007ffdd1cba278:   03 03 03 03 03 03 03 03 03 03 03 03 03 03 03 03
0x00007ffdd1cba288:   03 03 03 03 03 03 03 03 03 03 03 03 03 03 03 03
0x00007ffdd1cba298:   03 03 03 02 03 03 02 cc 48 89 5c 24 08 48 89 74
0x00007ffdd1cba2a8:   24 10 57 48 83 ec 20 48 63 da 41 0f b6 f0 48 8b
0x00007ffdd1cba2b8:   f9 85 d2 79 24 4c 8d 0d 1c 95 69 00 ba b4 02 00
0x00007ffdd1cba2c8:   00 4c 8d 05 48 95 69 00 48 8d 0d b1 94 69 00 e8
0x00007ffdd1cba2d8:   64 88 00 00 e8 5f da 42 00 40 84 f6 75 18 48 8b
0x00007ffdd1cba2e8:   4f 10 48 85 c9 74 0f 48 8d 43 01 48 c1 e0 05 48
0x00007ffdd1cba2f8:   8b 04 08 0f b7 d8 48 8b 74 24 38 48 63 c3 48 8b
0x00007ffdd1cba308:   5c 24 30 0f b7 44 c7 48 48 83 c4 20 5f c3 cc cc
0x00007ffdd1cba318:   cc cc cc cc cc cc cc cc 4c 8b c9 45 84 c0 75 41
0x00007ffdd1cba328:   48 8b 49 10 48 85 c9 74 38 85 d2 79 19 f7 d2 8b
0x00007ffdd1cba338:   c2 48 ff c0 48 c1 e0 05 48 8b 04 08 0f b7 c8 41
0x00007ffdd1cba348:   0f b7 44 c9 4a c3 48 63 c2 48 ff c0 48 c1 e0 05
0x00007ffdd1cba358:   48 8b 04 08 0f b7 d0 48 63 c2 41 0f b7 44 c1 4a
0x00007ffdd1cba368:   c3 49 8b 41 08 4c 63 c2 42 0f b6 44 00 04 8d 48
0x00007ffdd1cba378:   ef 80 f9 01 76 0e 3c 6a 74 0a 48 63 c2 41 0f b7
0x00007ffdd1cba388:   44 c1 4a c3 43 0f b7 44 c1 4a c3 cc cc cc cc cc
0x00007ffdd1cba398:   cc cc cc cc cc cc cc cc 40 53 48 83 ec 20 48 8b
0x00007ffdd1cba3a8:   d9 e8 72 ff ff ff 48 63 d0 0f b7 44 d3 48 48 8b
0x00007ffdd1cba3b8:   44 c3 48 48 83 c4 20 5b c3 cc cc cc cc cc cc cc
0x00007ffdd1cba3c8:   cc cc cc cc cc cc cc cc 40 53 48 83 ec 20 48 8b
0x00007ffdd1cba3d8:   d9 e8 42 ff ff ff 48 63 d0 0f b7 44 d3 4a 48 8b
0x00007ffdd1cba3e8:   44 c3 48 48 83 c4 20 5b c3 cc cc cc cc cc cc cc
0x00007ffdd1cba3f8:   cc cc cc cc cc cc cc cc 4c 8b d1 45 84 c9 75 28
0x00007ffdd1cba408:   4c 8b 49 10 4d 85 c9 74 1f 45 85 c0 79 08 41 f7
0x00007ffdd1cba418:   d0 41 8b c0 eb 03 49 63 c0 48 ff c0 48 c1 e0 05
0x00007ffdd1cba428:   4a 8b 04 08 44 0f b7 c0 49 8b 42 08 49 63 c8 0f
0x00007ffdd1cba438:   b6 4c 08 04 48 8b c2 88 0a c3 cc cc cc cc cc cc
0x00007ffdd1cba448:   cc cc cc cc cc cc cc cc 40 56 57 41 54 41 56 41 


Stack slot to memory mapping:
stack at sp + 0 slots: 0x00007ffdd1cba3de jvm.dll
stack at sp + 1 slots: 0x000000a8926fed58 points into unknown readable memory: 0x00000274cbbf8360 | 60 83 bf cb 74 02 00 00
stack at sp + 2 slots: 0x0 is NULL
stack at sp + 3 slots: 0x00000274cbbf21d0 points into unknown readable memory: 0x616a00106e30ffff | ff ff 30 6e 10 00 6a 61
stack at sp + 4 slots: 0x0 is NULL
stack at sp + 5 slots: 0x000000a8926ff280 points into unknown readable memory: 0x00000274cd83a9a8 | a8 a9 83 cd 74 02 00 00
stack at sp + 6 slots: 0x00007ffdd1dacf44 jvm.dll
stack at sp + 7 slots: 0x0 is NULL

VM_Operation (0x000000a8931ff460): get/set locals, mode: safepoint, requested by thread 0x00000274cc899620


---------------  P R O C E S S  ---------------

Threads class SMR info:
_java_thread_list=0x00000274cd0154a0, length=15, elements={
0x00000274b28a0a30, 0x00000274cbd62250, 0x00000274cbd64d70, 0x00000274cbd989c0,
0x00000274cbd992d0, 0x00000274cc800080, 0x00000274cc8005a0, 0x00000274cc801290,
0x00000274cc885540, 0x00000274cc8063b0, 0x00000274cbd9e8a0, 0x00000274cc899620,
0x00000274ccb25950, 0x00000274ccb00e70, 0x00000274cd00e840
}

Java Threads: ( => current thread )
  0x00000274b28a0a30 JavaThread "main" [_thread_blocked, id=1608, stack(0x000000a892000000,0x000000a892100000)]
  0x00000274cbd62250 JavaThread "Reference Handler" daemon [_thread_blocked, id=8944, stack(0x000000a892700000,0x000000a892800000)]
  0x00000274cbd64d70 JavaThread "Finalizer" daemon [_thread_blocked, id=9748, stack(0x000000a892800000,0x000000a892900000)]
  0x00000274cbd989c0 JavaThread "Signal Dispatcher" daemon [_thread_blocked, id=17880, stack(0x000000a892900000,0x000000a892a00000)]
  0x00000274cbd992d0 JavaThread "Attach Listener" daemon [_thread_blocked, id=12304, stack(0x000000a892a00000,0x000000a892b00000)]
  0x00000274cc800080 JavaThread "Service Thread" daemon [_thread_blocked, id=10448, stack(0x000000a892b00000,0x000000a892c00000)]
  0x00000274cc8005a0 JavaThread "Monitor Deflation Thread" daemon [_thread_blocked, id=18892, stack(0x000000a892c00000,0x000000a892d00000)]
  0x00000274cc801290 JavaThread "C2 CompilerThread0" daemon [_thread_blocked, id=7532, stack(0x000000a892d00000,0x000000a892e00000)]
  0x00000274cc885540 JavaThread "C1 CompilerThread0" daemon [_thread_blocked, id=18884, stack(0x000000a892e00000,0x000000a892f00000)]
  0x00000274cc8063b0 JavaThread "Sweeper thread" daemon [_thread_blocked, id=16104, stack(0x000000a892f00000,0x000000a893000000)]
  0x00000274cbd9e8a0 JavaThread "Common-Cleaner" daemon [_thread_blocked, id=9260, stack(0x000000a893000000,0x000000a893100000)]
  0x00000274cc899620 JavaThread "JDWP Transport Listener: dt_socket" daemon [_thread_blocked, id=18660, stack(0x000000a893100000,0x000000a893200000)]
  0x00000274ccb25950 JavaThread "JDWP Event Helper Thread" daemon [_thread_blocked, id=15492, stack(0x000000a893200000,0x000000a893300000)]
  0x00000274ccb00e70 JavaThread "JDWP Command Reader" daemon [_thread_in_native, id=13116, stack(0x000000a893300000,0x000000a893400000)]
  0x00000274cd00e840 JavaThread "Notification Thread" daemon [_thread_blocked, id=12264, stack(0x000000a893400000,0x000000a893500000)]

Other Threads:
=>0x00000274cbd4e500 VMThread "VM Thread" [stack: 0x000000a892600000,0x000000a892700000] [id=15888]
  0x00000274b28a1840 WatcherThread [stack: 0x000000a893500000,0x000000a893600000] [id=7552]
  0x00000274b28ddba0 GCTaskThread "GC Thread#0" [stack: 0x000000a892100000,0x000000a892200000] [id=13480]
  0x00000274b28ef5d0 ConcurrentGCThread "G1 Main Marker" [stack: 0x000000a892200000,0x000000a892300000] [id=11752]
  0x00000274b28effd0 ConcurrentGCThread "G1 Conc#0" [stack: 0x000000a892300000,0x000000a892400000] [id=10004]
  0x00000274b2967980 ConcurrentGCThread "G1 Refine#0" [stack: 0x000000a892400000,0x000000a892500000] [id=8412]
  0x00000274b296d1d0 ConcurrentGCThread "G1 Service" [stack: 0x000000a892500000,0x000000a892600000] [id=18912]

Threads with active compile tasks:

VM state: at safepoint (normal execution)

VM Mutex/Monitor currently owned by a thread:  ([mutex/lock_event])
[0x00000274b289cf90] Threads_lock - owner thread: 0x00000274cbd4e500

Heap address: 0x0000000083200000, size: 1998 MB, Compressed Oops mode: 32-bit

CDS disabled.
Compressed class space mapped at: 0x0000000100000000-0x0000000140000000, reserved size: 1073741824
Narrow klass base: 0x0000000000000000, Narrow klass shift: 3, Narrow klass range: 0x140000000

GC Precious Log:
 CPUs: 4 total, 4 available
 Memory: 7991M
 Large Page Support: Disabled
 NUMA Support: Disabled
 Compressed Oops: Enabled (32-bit)
 Heap Region Size: 1M
 Heap Min Capacity: 8M
 Heap Initial Capacity: 126M
 Heap Max Capacity: 1998M
 Pre-touch: Disabled
 Parallel Workers: 4
 Concurrent Workers: 1
 Concurrent Refinement Workers: 4
 Periodic GC: Disabled

Heap:
 garbage-first heap   total 129024K, used 5120K [0x0000000083200000, 0x0000000100000000)
  region size 1024K, 6 young (6144K), 0 survivors (0K)
 Metaspace       used 9289K, committed 9408K, reserved 1064960K
  class space    used 791K, committed 896K, reserved 1048576K

Heap Regions: E=young(eden), S=young(survivor), O=old, HS=humongous(starts), HC=humongous(continues), CS=collection set, F=free, OA=open archive, CA=closed archive, TAMS=top-at-mark-start (previous, next)
|   0|0x0000000083200000, 0x0000000083200000, 0x0000000083300000|  0%| F|  |TAMS 0x0000000083200000, 0x0000000083200000| Untracked 
|   1|0x0000000083300000, 0x0000000083300000, 0x0000000083400000|  0%| F|  |TAMS 0x0000000083300000, 0x0000000083300000| Untracked 
|   2|0x0000000083400000, 0x0000000083400000, 0x0000000083500000|  0%| F|  |TAMS 0x0000000083400000, 0x0000000083400000| Untracked 
|   3|0x0000000083500000, 0x0000000083500000, 0x0000000083600000|  0%| F|  |TAMS 0x0000000083500000, 0x0000000083500000| Untracked 
|   4|0x0000000083600000, 0x0000000083600000, 0x0000000083700000|  0%| F|  |TAMS 0x0000000083600000, 0x0000000083600000| Untracked 
|   5|0x0000000083700000, 0x0000000083700000, 0x0000000083800000|  0%| F|  |TAMS 0x0000000083700000, 0x0000000083700000| Untracked 
|   6|0x0000000083800000, 0x0000000083800000, 0x0000000083900000|  0%| F|  |TAMS 0x0000000083800000, 0x0000000083800000| Untracked 
|   7|0x0000000083900000, 0x0000000083900000, 0x0000000083a00000|  0%| F|  |TAMS 0x0000000083900000, 0x0000000083900000| Untracked 
|   8|0x0000000083a00000, 0x0000000083a00000, 0x0000000083b00000|  0%| F|  |TAMS 0x0000000083a00000, 0x0000000083a00000| Untracked 
|   9|0x0000000083b00000, 0x0000000083b00000, 0x0000000083c00000|  0%| F|  |TAMS 0x0000000083b00000, 0x0000000083b00000| Untracked 
|  10|0x0000000083c00000, 0x0000000083c00000, 0x0000000083d00000|  0%| F|  |TAMS 0x0000000083c00000, 0x0000000083c00000| Untracked 
|  11|0x0000000083d00000, 0x0000000083d00000, 0x0000000083e00000|  0%| F|  |TAMS 0x0000000083d00000, 0x0000000083d00000| Untracked 
|  12|0x0000000083e00000, 0x0000000083e00000, 0x0000000083f00000|  0%| F|  |TAMS 0x0000000083e00000, 0x0000000083e00000| Untracked 
|  13|0x0000000083f00000, 0x0000000083f00000, 0x0000000084000000|  0%| F|  |TAMS 0x0000000083f00000, 0x0000000083f00000| Untracked 
|  14|0x0000000084000000, 0x0000000084000000, 0x0000000084100000|  0%| F|  |TAMS 0x0000000084000000, 0x0000000084000000| Untracked 
|  15|0x0000000084100000, 0x0000000084100000, 0x0000000084200000|  0%| F|  |TAMS 0x0000000084100000, 0x0000000084100000| Untracked 
|  16|0x0000000084200000, 0x0000000084200000, 0x0000000084300000|  0%| F|  |TAMS 0x0000000084200000, 0x0000000084200000| Untracked 
|  17|0x0000000084300000, 0x0000000084300000, 0x0000000084400000|  0%| F|  |TAMS 0x0000000084300000, 0x0000000084300000| Untracked 
|  18|0x0000000084400000, 0x0000000084400000, 0x0000000084500000|  0%| F|  |TAMS 0x0000000084400000, 0x0000000084400000| Untracked 
|  19|0x0000000084500000, 0x0000000084500000, 0x0000000084600000|  0%| F|  |TAMS 0x0000000084500000, 0x0000000084500000| Untracked 
|  20|0x0000000084600000, 0x0000000084600000, 0x0000000084700000|  0%| F|  |TAMS 0x0000000084600000, 0x0000000084600000| Untracked 
|  21|0x0000000084700000, 0x0000000084700000, 0x0000000084800000|  0%| F|  |TAMS 0x0000000084700000, 0x0000000084700000| Untracked 
|  22|0x0000000084800000, 0x0000000084800000, 0x0000000084900000|  0%| F|  |TAMS 0x0000000084800000, 0x0000000084800000| Untracked 
|  23|0x0000000084900000, 0x0000000084900000, 0x0000000084a00000|  0%| F|  |TAMS 0x0000000084900000, 0x0000000084900000| Untracked 
|  24|0x0000000084a00000, 0x0000000084a00000, 0x0000000084b00000|  0%| F|  |TAMS 0x0000000084a00000, 0x0000000084a00000| Untracked 
|  25|0x0000000084b00000, 0x0000000084b00000, 0x0000000084c00000|  0%| F|  |TAMS 0x0000000084b00000, 0x0000000084b00000| Untracked 
|  26|0x0000000084c00000, 0x0000000084c00000, 0x0000000084d00000|  0%| F|  |TAMS 0x0000000084c00000, 0x0000000084c00000| Untracked 
|  27|0x0000000084d00000, 0x0000000084d00000, 0x0000000084e00000|  0%| F|  |TAMS 0x0000000084d00000, 0x0000000084d00000| Untracked 
|  28|0x0000000084e00000, 0x0000000084e00000, 0x0000000084f00000|  0%| F|  |TAMS 0x0000000084e00000, 0x0000000084e00000| Untracked 
|  29|0x0000000084f00000, 0x0000000084f00000, 0x0000000085000000|  0%| F|  |TAMS 0x0000000084f00000, 0x0000000084f00000| Untracked 
|  30|0x0000000085000000, 0x0000000085000000, 0x0000000085100000|  0%| F|  |TAMS 0x0000000085000000, 0x0000000085000000| Untracked 
|  31|0x0000000085100000, 0x0000000085100000, 0x0000000085200000|  0%| F|  |TAMS 0x0000000085100000, 0x0000000085100000| Untracked 
|  32|0x0000000085200000, 0x0000000085200000, 0x0000000085300000|  0%| F|  |TAMS 0x0000000085200000, 0x0000000085200000| Untracked 
|  33|0x0000000085300000, 0x0000000085300000, 0x0000000085400000|  0%| F|  |TAMS 0x0000000085300000, 0x0000000085300000| Untracked 
|  34|0x0000000085400000, 0x0000000085400000, 0x0000000085500000|  0%| F|  |TAMS 0x0000000085400000, 0x0000000085400000| Untracked 
|  35|0x0000000085500000, 0x0000000085500000, 0x0000000085600000|  0%| F|  |TAMS 0x0000000085500000, 0x0000000085500000| Untracked 
|  36|0x0000000085600000, 0x0000000085600000, 0x0000000085700000|  0%| F|  |TAMS 0x0000000085600000, 0x0000000085600000| Untracked 
|  37|0x0000000085700000, 0x0000000085700000, 0x0000000085800000|  0%| F|  |TAMS 0x0000000085700000, 0x0000000085700000| Untracked 
|  38|0x0000000085800000, 0x0000000085800000, 0x0000000085900000|  0%| F|  |TAMS 0x0000000085800000, 0x0000000085800000| Untracked 
|  39|0x0000000085900000, 0x0000000085900000, 0x0000000085a00000|  0%| F|  |TAMS 0x0000000085900000, 0x0000000085900000| Untracked 
|  40|0x0000000085a00000, 0x0000000085a00000, 0x0000000085b00000|  0%| F|  |TAMS 0x0000000085a00000, 0x0000000085a00000| Untracked 
|  41|0x0000000085b00000, 0x0000000085b00000, 0x0000000085c00000|  0%| F|  |TAMS 0x0000000085b00000, 0x0000000085b00000| Untracked 
|  42|0x0000000085c00000, 0x0000000085c00000, 0x0000000085d00000|  0%| F|  |TAMS 0x0000000085c00000, 0x0000000085c00000| Untracked 
|  43|0x0000000085d00000, 0x0000000085d00000, 0x0000000085e00000|  0%| F|  |TAMS 0x0000000085d00000, 0x0000000085d00000| Untracked 
|  44|0x0000000085e00000, 0x0000000085e00000, 0x0000000085f00000|  0%| F|  |TAMS 0x0000000085e00000, 0x0000000085e00000| Untracked 
|  45|0x0000000085f00000, 0x0000000085f00000, 0x0000000086000000|  0%| F|  |TAMS 0x0000000085f00000, 0x0000000085f00000| Untracked 
|  46|0x0000000086000000, 0x0000000086000000, 0x0000000086100000|  0%| F|  |TAMS 0x0000000086000000, 0x0000000086000000| Untracked 
|  47|0x0000000086100000, 0x0000000086100000, 0x0000000086200000|  0%| F|  |TAMS 0x0000000086100000, 0x0000000086100000| Untracked 
|  48|0x0000000086200000, 0x0000000086200000, 0x0000000086300000|  0%| F|  |TAMS 0x0000000086200000, 0x0000000086200000| Untracked 
|  49|0x0000000086300000, 0x0000000086300000, 0x0000000086400000|  0%| F|  |TAMS 0x0000000086300000, 0x0000000086300000| Untracked 
|  50|0x0000000086400000, 0x0000000086400000, 0x0000000086500000|  0%| F|  |TAMS 0x0000000086400000, 0x0000000086400000| Untracked 
|  51|0x0000000086500000, 0x0000000086500000, 0x0000000086600000|  0%| F|  |TAMS 0x0000000086500000, 0x0000000086500000| Untracked 
|  52|0x0000000086600000, 0x0000000086600000, 0x0000000086700000|  0%| F|  |TAMS 0x0000000086600000, 0x0000000086600000| Untracked 
|  53|0x0000000086700000, 0x0000000086700000, 0x0000000086800000|  0%| F|  |TAMS 0x0000000086700000, 0x0000000086700000| Untracked 
|  54|0x0000000086800000, 0x0000000086800000, 0x0000000086900000|  0%| F|  |TAMS 0x0000000086800000, 0x0000000086800000| Untracked 
|  55|0x0000000086900000, 0x0000000086900000, 0x0000000086a00000|  0%| F|  |TAMS 0x0000000086900000, 0x0000000086900000| Untracked 
|  56|0x0000000086a00000, 0x0000000086a00000, 0x0000000086b00000|  0%| F|  |TAMS 0x0000000086a00000, 0x0000000086a00000| Untracked 
|  57|0x0000000086b00000, 0x0000000086b00000, 0x0000000086c00000|  0%| F|  |TAMS 0x0000000086b00000, 0x0000000086b00000| Untracked 
|  58|0x0000000086c00000, 0x0000000086c00000, 0x0000000086d00000|  0%| F|  |TAMS 0x0000000086c00000, 0x0000000086c00000| Untracked 
|  59|0x0000000086d00000, 0x0000000086d00000, 0x0000000086e00000|  0%| F|  |TAMS 0x0000000086d00000, 0x0000000086d00000| Untracked 
|  60|0x0000000086e00000, 0x0000000086e00000, 0x0000000086f00000|  0%| F|  |TAMS 0x0000000086e00000, 0x0000000086e00000| Untracked 
|  61|0x0000000086f00000, 0x0000000086f00000, 0x0000000087000000|  0%| F|  |TAMS 0x0000000086f00000, 0x0000000086f00000| Untracked 
|  62|0x0000000087000000, 0x0000000087000000, 0x0000000087100000|  0%| F|  |TAMS 0x0000000087000000, 0x0000000087000000| Untracked 
|  63|0x0000000087100000, 0x0000000087100000, 0x0000000087200000|  0%| F|  |TAMS 0x0000000087100000, 0x0000000087100000| Untracked 
|  64|0x0000000087200000, 0x0000000087200000, 0x0000000087300000|  0%| F|  |TAMS 0x0000000087200000, 0x0000000087200000| Untracked 
|  65|0x0000000087300000, 0x0000000087300000, 0x0000000087400000|  0%| F|  |TAMS 0x0000000087300000, 0x0000000087300000| Untracked 
|  66|0x0000000087400000, 0x0000000087400000, 0x0000000087500000|  0%| F|  |TAMS 0x0000000087400000, 0x0000000087400000| Untracked 
|  67|0x0000000087500000, 0x0000000087500000, 0x0000000087600000|  0%| F|  |TAMS 0x0000000087500000, 0x0000000087500000| Untracked 
|  68|0x0000000087600000, 0x0000000087600000, 0x0000000087700000|  0%| F|  |TAMS 0x0000000087600000, 0x0000000087600000| Untracked 
|  69|0x0000000087700000, 0x0000000087700000, 0x0000000087800000|  0%| F|  |TAMS 0x0000000087700000, 0x0000000087700000| Untracked 
|  70|0x0000000087800000, 0x0000000087800000, 0x0000000087900000|  0%| F|  |TAMS 0x0000000087800000, 0x0000000087800000| Untracked 
|  71|0x0000000087900000, 0x0000000087900000, 0x0000000087a00000|  0%| F|  |TAMS 0x0000000087900000, 0x0000000087900000| Untracked 
|  72|0x0000000087a00000, 0x0000000087a00000, 0x0000000087b00000|  0%| F|  |TAMS 0x0000000087a00000, 0x0000000087a00000| Untracked 
|  73|0x0000000087b00000, 0x0000000087b00000, 0x0000000087c00000|  0%| F|  |TAMS 0x0000000087b00000, 0x0000000087b00000| Untracked 
|  74|0x0000000087c00000, 0x0000000087c00000, 0x0000000087d00000|  0%| F|  |TAMS 0x0000000087c00000, 0x0000000087c00000| Untracked 
|  75|0x0000000087d00000, 0x0000000087d00000, 0x0000000087e00000|  0%| F|  |TAMS 0x0000000087d00000, 0x0000000087d00000| Untracked 
|  76|0x0000000087e00000, 0x0000000087e00000, 0x0000000087f00000|  0%| F|  |TAMS 0x0000000087e00000, 0x0000000087e00000| Untracked 
|  77|0x0000000087f00000, 0x0000000087f00000, 0x0000000088000000|  0%| F|  |TAMS 0x0000000087f00000, 0x0000000087f00000| Untracked 
|  78|0x0000000088000000, 0x0000000088000000, 0x0000000088100000|  0%| F|  |TAMS 0x0000000088000000, 0x0000000088000000| Untracked 
|  79|0x0000000088100000, 0x0000000088100000, 0x0000000088200000|  0%| F|  |TAMS 0x0000000088100000, 0x0000000088100000| Untracked 
|  80|0x0000000088200000, 0x0000000088200000, 0x0000000088300000|  0%| F|  |TAMS 0x0000000088200000, 0x0000000088200000| Untracked 
|  81|0x0000000088300000, 0x0000000088300000, 0x0000000088400000|  0%| F|  |TAMS 0x0000000088300000, 0x0000000088300000| Untracked 
|  82|0x0000000088400000, 0x0000000088400000, 0x0000000088500000|  0%| F|  |TAMS 0x0000000088400000, 0x0000000088400000| Untracked 
|  83|0x0000000088500000, 0x0000000088500000, 0x0000000088600000|  0%| F|  |TAMS 0x0000000088500000, 0x0000000088500000| Untracked 
|  84|0x0000000088600000, 0x0000000088600000, 0x0000000088700000|  0%| F|  |TAMS 0x0000000088600000, 0x0000000088600000| Untracked 
|  85|0x0000000088700000, 0x0000000088700000, 0x0000000088800000|  0%| F|  |TAMS 0x0000000088700000, 0x0000000088700000| Untracked 
|  86|0x0000000088800000, 0x0000000088800000, 0x0000000088900000|  0%| F|  |TAMS 0x0000000088800000, 0x0000000088800000| Untracked 
|  87|0x0000000088900000, 0x0000000088900000, 0x0000000088a00000|  0%| F|  |TAMS 0x0000000088900000, 0x0000000088900000| Untracked 
|  88|0x0000000088a00000, 0x0000000088a00000, 0x0000000088b00000|  0%| F|  |TAMS 0x0000000088a00000, 0x0000000088a00000| Untracked 
|  89|0x0000000088b00000, 0x0000000088b00000, 0x0000000088c00000|  0%| F|  |TAMS 0x0000000088b00000, 0x0000000088b00000| Untracked 
|  90|0x0000000088c00000, 0x0000000088c00000, 0x0000000088d00000|  0%| F|  |TAMS 0x0000000088c00000, 0x0000000088c00000| Untracked 
|  91|0x0000000088d00000, 0x0000000088d00000, 0x0000000088e00000|  0%| F|  |TAMS 0x0000000088d00000, 0x0000000088d00000| Untracked 
|  92|0x0000000088e00000, 0x0000000088e00000, 0x0000000088f00000|  0%| F|  |TAMS 0x0000000088e00000, 0x0000000088e00000| Untracked 
|  93|0x0000000088f00000, 0x0000000088f00000, 0x0000000089000000|  0%| F|  |TAMS 0x0000000088f00000, 0x0000000088f00000| Untracked 
|  94|0x0000000089000000, 0x0000000089000000, 0x0000000089100000|  0%| F|  |TAMS 0x0000000089000000, 0x0000000089000000| Untracked 
|  95|0x0000000089100000, 0x0000000089100000, 0x0000000089200000|  0%| F|  |TAMS 0x0000000089100000, 0x0000000089100000| Untracked 
|  96|0x0000000089200000, 0x0000000089200000, 0x0000000089300000|  0%| F|  |TAMS 0x0000000089200000, 0x0000000089200000| Untracked 
|  97|0x0000000089300000, 0x0000000089300000, 0x0000000089400000|  0%| F|  |TAMS 0x0000000089300000, 0x0000000089300000| Untracked 
|  98|0x0000000089400000, 0x0000000089400000, 0x0000000089500000|  0%| F|  |TAMS 0x0000000089400000, 0x0000000089400000| Untracked 
|  99|0x0000000089500000, 0x0000000089500000, 0x0000000089600000|  0%| F|  |TAMS 0x0000000089500000, 0x0000000089500000| Untracked 
| 100|0x0000000089600000, 0x0000000089600000, 0x0000000089700000|  0%| F|  |TAMS 0x0000000089600000, 0x0000000089600000| Untracked 
| 101|0x0000000089700000, 0x0000000089700000, 0x0000000089800000|  0%| F|  |TAMS 0x0000000089700000, 0x0000000089700000| Untracked 
| 102|0x0000000089800000, 0x0000000089800000, 0x0000000089900000|  0%| F|  |TAMS 0x0000000089800000, 0x0000000089800000| Untracked 
| 103|0x0000000089900000, 0x0000000089900000, 0x0000000089a00000|  0%| F|  |TAMS 0x0000000089900000, 0x0000000089900000| Untracked 
| 104|0x0000000089a00000, 0x0000000089a00000, 0x0000000089b00000|  0%| F|  |TAMS 0x0000000089a00000, 0x0000000089a00000| Untracked 
| 105|0x0000000089b00000, 0x0000000089b00000, 0x0000000089c00000|  0%| F|  |TAMS 0x0000000089b00000, 0x0000000089b00000| Untracked 
| 106|0x0000000089c00000, 0x0000000089c00000, 0x0000000089d00000|  0%| F|  |TAMS 0x0000000089c00000, 0x0000000089c00000| Untracked 
| 107|0x0000000089d00000, 0x0000000089d00000, 0x0000000089e00000|  0%| F|  |TAMS 0x0000000089d00000, 0x0000000089d00000| Untracked 
| 108|0x0000000089e00000, 0x0000000089e00000, 0x0000000089f00000|  0%| F|  |TAMS 0x0000000089e00000, 0x0000000089e00000| Untracked 
| 109|0x0000000089f00000, 0x0000000089f00000, 0x000000008a000000|  0%| F|  |TAMS 0x0000000089f00000, 0x0000000089f00000| Untracked 
| 110|0x000000008a000000, 0x000000008a000000, 0x000000008a100000|  0%| F|  |TAMS 0x000000008a000000, 0x000000008a000000| Untracked 
| 111|0x000000008a100000, 0x000000008a100000, 0x000000008a200000|  0%| F|  |TAMS 0x000000008a100000, 0x000000008a100000| Untracked 
| 112|0x000000008a200000, 0x000000008a200000, 0x000000008a300000|  0%| F|  |TAMS 0x000000008a200000, 0x000000008a200000| Untracked 
| 113|0x000000008a300000, 0x000000008a300000, 0x000000008a400000|  0%| F|  |TAMS 0x000000008a300000, 0x000000008a300000| Untracked 
| 114|0x000000008a400000, 0x000000008a400000, 0x000000008a500000|  0%| F|  |TAMS 0x000000008a400000, 0x000000008a400000| Untracked 
| 115|0x000000008a500000, 0x000000008a500000, 0x000000008a600000|  0%| F|  |TAMS 0x000000008a500000, 0x000000008a500000| Untracked 
| 116|0x000000008a600000, 0x000000008a600000, 0x000000008a700000|  0%| F|  |TAMS 0x000000008a600000, 0x000000008a600000| Untracked 
| 117|0x000000008a700000, 0x000000008a700000, 0x000000008a800000|  0%| F|  |TAMS 0x000000008a700000, 0x000000008a700000| Untracked 
| 118|0x000000008a800000, 0x000000008a800000, 0x000000008a900000|  0%| F|  |TAMS 0x000000008a800000, 0x000000008a800000| Untracked 
| 119|0x000000008a900000, 0x000000008a900000, 0x000000008aa00000|  0%| F|  |TAMS 0x000000008a900000, 0x000000008a900000| Untracked 
| 120|0x000000008aa00000, 0x000000008aadcf80, 0x000000008ab00000| 86%| E|  |TAMS 0x000000008aa00000, 0x000000008aa00000| Complete 
| 121|0x000000008ab00000, 0x000000008ac00000, 0x000000008ac00000|100%| E|CS|TAMS 0x000000008ab00000, 0x000000008ab00000| Complete 
| 122|0x000000008ac00000, 0x000000008ad00000, 0x000000008ad00000|100%| E|CS|TAMS 0x000000008ac00000, 0x000000008ac00000| Complete 
| 123|0x000000008ad00000, 0x000000008ae00000, 0x000000008ae00000|100%| E|CS|TAMS 0x000000008ad00000, 0x000000008ad00000| Complete 
| 124|0x000000008ae00000, 0x000000008af00000, 0x000000008af00000|100%| E|CS|TAMS 0x000000008ae00000, 0x000000008ae00000| Complete 
| 125|0x000000008af00000, 0x000000008b000000, 0x000000008b000000|100%| E|CS|TAMS 0x000000008af00000, 0x000000008af00000| Complete 

Card table byte_map: [0x00000274c5200000,0x00000274c55f0000] _byte_map_base: 0x00000274c4de7000

Marking Bits (Prev, Next): (CMBitMap*) 0x00000274b28df1c0, (CMBitMap*) 0x00000274b28df200
 Prev Bits: [0x00000274c59e0000, 0x00000274c7918000)
 Next Bits: [0x00000274c7920000, 0x00000274c9858000)

Polling page: 0x00000274b0830000

Metaspace:

Usage:
  Non-class:      8.30 MB used.
      Class:    791.34 KB used.
       Both:      9.07 MB used.

Virtual space:
  Non-class space:       16.00 MB reserved,       8.31 MB ( 52%) committed,  2 nodes.
      Class space:        1.00 GB reserved,     896.00 KB ( <1%) committed,  1 nodes.
              Both:        1.02 GB reserved,       9.19 MB ( <1%) committed. 

Chunk freelists:
   Non-Class:  2.75 MB
       Class:  3.10 MB
        Both:  5.85 MB

MaxMetaspaceSize: 17179869184.00 GB
CompressedClassSpaceSize: 1.00 GB
 - commit_granule_bytes: 65536.
 - commit_granule_words: 8192.
 - virtual_space_node_default_size: 1048576.
 - enlarge_chunks_in_place: 1.
 - new_chunks_are_fully_committed: 0.
 - uncommit_free_chunks: 1.
 - use_allocation_guard: 0.
 - handle_deallocations: 1.


Internal statistics:

num_allocs_failed_limit: 0.
num_arena_births: 10.
num_arena_deaths: 0.
num_vsnodes_births: 3.
num_vsnodes_deaths: 0.
num_space_committed: 147.
num_space_uncommitted: 0.
num_chunks_returned_to_freelist: 0.
num_chunks_taken_from_freelist: 49.
num_chunk_merges: 0.
num_chunk_splits: 19.
num_chunks_enlarged: 14.
num_purges: 0.

CodeHeap 'non-profiled nmethods': size=120000Kb used=148Kb max_used=148Kb free=119851Kb
 bounds [0x00000274bd8e0000, 0x00000274bdb50000, 0x00000274c4e10000]
CodeHeap 'profiled nmethods': size=120000Kb used=612Kb max_used=612Kb free=119387Kb
 bounds [0x00000274b63b0000, 0x00000274b6620000, 0x00000274bd8e0000]
CodeHeap 'non-nmethods': size=5760Kb used=1207Kb max_used=1227Kb free=4552Kb
 bounds [0x00000274b5e10000, 0x00000274b6080000, 0x00000274b63b0000]
 total_blobs=852 nmethods=449 adapters=316
 compilation: enabled
              stopped_count=0, restarted_count=0
 full_count=0

Compilation events (20 events):
Event: 465.043 Thread 0x00000274cc885540  441       3       java.lang.String::<init> (14 bytes)
Event: 465.043 Thread 0x00000274cc885540 nmethod 441 0x00000274b6446490 code [0x00000274b6446660, 0x00000274b6446878]
Event: 465.043 Thread 0x00000274cc885540  442       3       org.eclipse.jdt.launching.internal.org.objectweb.asm.SymbolTable::hash (10 bytes)
Event: 465.043 Thread 0x00000274cc885540 nmethod 442 0x00000274b6446990 code [0x00000274b6446b40, 0x00000274b6446c88]
Event: 789.513 Thread 0x00000274cc885540  443       3       org.eclipse.jdt.launching.internal.org.objectweb.asm.ClassReader::getItem (7 bytes)
Event: 789.513 Thread 0x00000274cc885540 nmethod 443 0x00000274b6446d90 code [0x00000274b6446f20, 0x00000274b6447058]
Event: 789.513 Thread 0x00000274cc885540  444       3       org.eclipse.jdt.launching.internal.org.objectweb.asm.ClassReader::readUtf (161 bytes)
Event: 789.516 Thread 0x00000274cc885540 

Event: 789.516 Thread 0x00000274cc885540  445       3       org.eclipse.jdt.launching.internal.org.objectweb.asm.Symbol::<init> (38 bytes)
Event: 789.516 Thread 0x00000274cc885540 nmethod 445 0x00000274b6447110 code [0x00000274b64472c0, 0x00000274b6447558]
Event: 803.899 Thread 0x00000274cc885540  446       3       org.eclipse.jdt.launching.internal.org.objectweb.asm.SymbolTable$Entry::<init> (17 bytes)
Event: 803.899 Thread 0x00000274cc885540 nmethod 446 0x00000274b6447690 code [0x00000274b6447840, 0x00000274b64479e8]
Event: 881.671 Thread 0x00000274cc885540  447       1       java.security.ProtectionDomain::getCodeSource (5 bytes)
Event: 881.671 Thread 0x00000274cc885540 nmethod 447 0x00000274bd904d90 code [0x00000274bd904f20, 0x00000274bd904ff8]
Event: 881.671 Thread 0x00000274cc885540  448       3       org.eclipse.jdt.launching.internal.org.objectweb.asm.ClassReader::readUtf (161 bytes)
Event: 881.671 Thread 0x00000274cc885540 nmethod 448 0x00000274b6447a90 code [0x00000274b6447c60, 0x00000274b6448108]
Event: 881.671 Thread 0x00000274cc885540  449       3       org.eclipse.jdt.launching.internal.org.objectweb.asm.SymbolTable::add (39 bytes)
Event: 881.672 Thread 0x00000274cc885540 nmethod 449 0x00000274b6448410 code [0x00000274b64485c0, 0x00000274b64488f8]
Event: 881.672 Thread 0x00000274cc885540  450       3       java.lang.String::<init> (74 bytes)
Event: 881.672 Thread 0x00000274cc885540 nmethod 450 0x00000274b6448a10 code [0x00000274b6448c00, 0x00000274b6449018]

GC Heap History (0 events):
No events

Deoptimization events (16 events):
Event: 0.386 Thread 0x00000274b28a0a30 Uncommon trap: trap_request=0xffffff45 fr.pc=0x00000274bd8ed018 relative=0x0000000000000a98
Event: 0.386 Thread 0x00000274b28a0a30 Uncommon trap: reason=unstable_if action=reinterpret pc=0x00000274bd8ed018 method=java.util.HashMap.putVal(ILjava/lang/Object;Ljava/lang/Object;ZZ)Ljava/lang/Object; @ 181 c2
Event: 0.386 Thread 0x00000274b28a0a30 DEOPT PACKING pc=0x00000274bd8ed018 sp=0x000000a8920fe1d0
Event: 0.386 Thread 0x00000274b28a0a30 DEOPT UNPACKING pc=0x00000274b5e5f92e sp=0x000000a8920fe190 mode 2
Event: 0.448 Thread 0x00000274b28a0a30 Uncommon trap: trap_request=0xffffff45 fr.pc=0x00000274bd8e6174 relative=0x00000000000000d4
Event: 0.448 Thread 0x00000274b28a0a30 Uncommon trap: reason=unstable_if action=reinterpret pc=0x00000274bd8e6174 method=java.lang.String.isLatin1()Z @ 10 c2
Event: 0.448 Thread 0x00000274b28a0a30 DEOPT PACKING pc=0x00000274bd8e6174 sp=0x000000a8920feeb0
Event: 0.448 Thread 0x00000274b28a0a30 DEOPT UNPACKING pc=0x00000274b5e5f92e sp=0x000000a8920fee00 mode 2
Event: 0.469 Thread 0x00000274b28a0a30 DEOPT PACKING pc=0x00000274b64240f0 sp=0x000000a8920f7cb0
Event: 0.469 Thread 0x00000274b28a0a30 DEOPT UNPACKING pc=0x00000274b5e5e77e sp=0x000000a8920f7118 mode 0
Event: 0.469 Thread 0x00000274b28a0a30 DEOPT PACKING pc=0x00000274b64240f0 sp=0x000000a8920f7cb0
Event: 0.469 Thread 0x00000274b28a0a30 DEOPT UNPACKING pc=0x00000274b5e5e77e sp=0x000000a8920f7118 mode 0
Event: 0.469 Thread 0x00000274b28a0a30 DEOPT PACKING pc=0x00000274b64240f0 sp=0x000000a8920f7cb0
Event: 0.469 Thread 0x00000274b28a0a30 DEOPT UNPACKING pc=0x00000274b5e5e77e sp=0x000000a8920f7118 mode 0
Event: 0.471 Thread 0x00000274b28a0a30 DEOPT PACKING pc=0x00000274b640be9f sp=0x000000a8920f8a70
Event: 0.471 Thread 0x00000274b28a0a30 DEOPT UNPACKING pc=0x00000274b5e5e77e sp=0x000000a8920f7f08 mode 0

Classes unloaded (0 events):
No events

Classes redefined (5 events):
Event: 241.749 Thread 0x00000274cbd4e500 redefined class name=automations.selenium, count=1
Event: 465.044 Thread 0x00000274cbd4e500 redefined class name=automations.selenium, count=2
Event: 789.514 Thread 0x00000274cbd4e500 redefined class name=automations.selenium, count=3
Event: 803.900 Thread 0x00000274cbd4e500 redefined class name=automations.selenium, count=4
Event: 881.673 Thread 0x00000274cbd4e500 redefined class name=automations.selenium, count=5

Internal exceptions (1 events):
Event: 0.444 Thread 0x00000274b28a0a30 Exception <a 'java/lang/NoSuchMethodError'{0x000000008abc9c90}: 'java.lang.Object java.lang.invoke.DirectMethodHandle$Holder.invokeStatic(java.lang.Object)'> (0x000000008abc9c90) 
thrown [t:\workspace\open\src\hotspot\share\interpreter\linkResolver.cpp, line 790]

Events (20 events):
Event: 241.755 Executing  VM operation: ChangeBreakpoints done
Event: 465.044 Executing  VM operation: RedefineClasses
Event: 465.045 Executing  VM operation: RedefineClasses done
Event: 465.051 Executing  VM operation: ChangeBreakpoints
Event: 465.051 Executing  VM operation: ChangeBreakpoints done
Event: 789.513 Executing  VM operation: RedefineClasses
Event: 789.516 Executing  VM operation: RedefineClasses done
Event: 789.519 Executing  VM operation: ChangeBreakpoints
Event: 789.519 Executing  VM operation: ChangeBreakpoints done
Event: 803.899 Executing  VM operation: RedefineClasses
Event: 803.901 Executing  VM operation: RedefineClasses done
Event: 803.906 Executing  VM operation: ChangeBreakpoints
Event: 803.906 Executing  VM operation: ChangeBreakpoints done
Event: 881.672 Executing  VM operation: RedefineClasses
Event: 881.674 Executing  VM operation: RedefineClasses done
Event: 881.680 Executing  VM operation: ChangeBreakpoints
Event: 881.680 Executing  VM operation: ChangeBreakpoints done
Event: 917.797 Executing  VM operation: ChangeBreakpoints
Event: 917.797 Executing  VM operation: ChangeBreakpoints done
Event: 996.558 Executing  VM operation: get/set locals


Dynamic libraries:
0x00007ff6860b0000 - 0x00007ff6860be000 	C:\Users\91949\Downloads\eclipse-jee-2021-09-R-win32-x86_64\eclipse\plugins\org.eclipse.justj.openjdk.hotspot.jre.full.win32.x86_64_16.0.2.v20210721-1149\jre\bin\javaw.exe
0x00007ffe25670000 - 0x00007ffe25866000 	C:\Windows\SYSTEM32\ntdll.dll
0x00007ffe24df0000 - 0x00007ffe24ead000 	C:\Windows\System32\KERNEL32.DLL
0x00007ffe22ee0000 - 0x00007ffe231a8000 	C:\Windows\System32\KERNELBASE.dll
0x00007ffe1fef0000 - 0x00007ffe1ff80000 	C:\Windows\SYSTEM32\apphelp.dll
0x00007ffe22de0000 - 0x00007ffe22ee0000 	C:\Windows\System32\ucrtbase.dll
0x00007ffe187e0000 - 0x00007ffe187f8000 	C:\Users\91949\Downloads\eclipse-jee-2021-09-R-win32-x86_64\eclipse\plugins\org.eclipse.justj.openjdk.hotspot.jre.full.win32.x86_64_16.0.2.v20210721-1149\jre\bin\jli.dll
0x00007ffe24eb0000 - 0x00007ffe25050000 	C:\Windows\System32\USER32.dll
0x00007ffe22db0000 - 0x00007ffe22dd2000 	C:\Windows\System32\win32u.dll
0x00007ffe24960000 - 0x00007ffe2498a000 	C:\Windows\System32\GDI32.dll
0x00007ffe23430000 - 0x00007ffe23539000 	C:\Windows\System32\gdi32full.dll
0x00007ffe23230000 - 0x00007ffe232cd000 	C:\Windows\System32\msvcp_win.dll
0x00007ffe17c40000 - 0x00007ffe17c59000 	C:\Users\91949\Downloads\eclipse-jee-2021-09-R-win32-x86_64\eclipse\plugins\org.eclipse.justj.openjdk.hotspot.jre.full.win32.x86_64_16.0.2.v20210721-1149\jre\bin\VCRUNTIME140.dll
0x00007ffe0c720000 - 0x00007ffe0c9bb000 	C:\Windows\WinSxS\amd64_microsoft.windows.common-controls_6595b64144ccf1df_6.0.19041.488_none_ca04af081b815d21\COMCTL32.dll
0x00007ffe23c50000 - 0x00007ffe23cee000 	C:\Windows\System32\msvcrt.dll
0x00007ffe23d00000 - 0x00007ffe23d30000 	C:\Windows\System32\IMM32.DLL
0x00007ffe18e30000 - 0x00007ffe18e3c000 	C:\Users\91949\Downloads\eclipse-jee-2021-09-R-win32-x86_64\eclipse\plugins\org.eclipse.justj.openjdk.hotspot.jre.full.win32.x86_64_16.0.2.v20210721-1149\jre\bin\vcruntime140_1.dll
0x00007ffddcf00000 - 0x00007ffddcf91000 	C:\Users\91949\Downloads\eclipse-jee-2021-09-R-win32-x86_64\eclipse\plugins\org.eclipse.justj.openjdk.hotspot.jre.full.win32.x86_64_16.0.2.v20210721-1149\jre\bin\msvcp140.dll
0x00007ffdd1a80000 - 0x00007ffdd262b000 	C:\Users\91949\Downloads\eclipse-jee-2021-09-R-win32-x86_64\eclipse\plugins\org.eclipse.justj.openjdk.hotspot.jre.full.win32.x86_64_16.0.2.v20210721-1149\jre\bin\server\jvm.dll
0x00007ffe25050000 - 0x00007ffe250fc000 	C:\Windows\System32\ADVAPI32.dll
0x00007ffe24630000 - 0x00007ffe246cb000 	C:\Windows\System32\sechost.dll
0x00007ffe24a80000 - 0x00007ffe24ba4000 	C:\Windows\System32\RPCRT4.dll
0x00007ffe251f0000 - 0x00007ffe251f8000 	C:\Windows\System32\PSAPI.DLL
0x00007ffe21310000 - 0x00007ffe21337000 	C:\Windows\SYSTEM32\WINMM.dll
0x00007ffe177c0000 - 0x00007ffe177ca000 	C:\Windows\SYSTEM32\VERSION.dll
0x00007ffe150b0000 - 0x00007ffe150b9000 	C:\Windows\SYSTEM32\WSOCK32.dll
0x00007ffe24d80000 - 0x00007ffe24deb000 	C:\Windows\System32\WS2_32.dll
0x00007ffe21690000 - 0x00007ffe216a2000 	C:\Windows\SYSTEM32\kernel.appcore.dll
0x00007ffe19a80000 - 0x00007ffe19a8a000 	C:\Users\91949\Downloads\eclipse-jee-2021-09-R-win32-x86_64\eclipse\plugins\org.eclipse.justj.openjdk.hotspot.jre.full.win32.x86_64_16.0.2.v20210721-1149\jre\bin\jimage.dll
0x00007ffe210e0000 - 0x00007ffe212c4000 	C:\Windows\SYSTEM32\DBGHELP.DLL
0x00007ffe212e0000 - 0x00007ffe2130c000 	C:\Windows\SYSTEM32\dbgcore.DLL
0x00007ffe235a0000 - 0x00007ffe2361f000 	C:\Windows\System32\bcryptPrimitives.dll
0x00007ffe02e10000 - 0x00007ffe02e4b000 	C:\Users\91949\Downloads\eclipse-jee-2021-09-R-win32-x86_64\eclipse\plugins\org.eclipse.justj.openjdk.hotspot.jre.full.win32.x86_64_16.0.2.v20210721-1149\jre\bin\jdwp.dll
0x00007ffe17c30000 - 0x00007ffe17c3e000 	C:\Users\91949\Downloads\eclipse-jee-2021-09-R-win32-x86_64\eclipse\plugins\org.eclipse.justj.openjdk.hotspot.jre.full.win32.x86_64_16.0.2.v20210721-1149\jre\bin\instrument.dll
0x00007ffe02cd0000 - 0x00007ffe02cf5000 	C:\Users\91949\Downloads\eclipse-jee-2021-09-R-win32-x86_64\eclipse\plugins\org.eclipse.justj.openjdk.hotspot.jre.full.win32.x86_64_16.0.2.v20210721-1149\jre\bin\java.dll
0x00007ffe10a10000 - 0x00007ffe10a28000 	C:\Users\91949\Downloads\eclipse-jee-2021-09-R-win32-x86_64\eclipse\plugins\org.eclipse.justj.openjdk.hotspot.jre.full.win32.x86_64_16.0.2.v20210721-1149\jre\bin\zip.dll
0x00007ffe23ee0000 - 0x00007ffe24621000 	C:\Windows\System32\SHELL32.dll
0x00007ffe20940000 - 0x00007ffe210d5000 	C:\Windows\SYSTEM32\windows.storage.dll
0x00007ffe25200000 - 0x00007ffe25555000 	C:\Windows\System32\combase.dll
0x00007ffe22820000 - 0x00007ffe2284c000 	C:\Windows\SYSTEM32\Wldp.dll
0x00007ffe23ba0000 - 0x00007ffe23c4e000 	C:\Windows\System32\SHCORE.dll
0x00007ffe24a10000 - 0x00007ffe24a65000 	C:\Windows\System32\shlwapi.dll
0x00007ffe22ce0000 - 0x00007ffe22d06000 	C:\Windows\SYSTEM32\profapi.dll
0x00007ffe17c20000 - 0x00007ffe17c2c000 	C:\Users\91949\Downloads\eclipse-jee-2021-09-R-win32-x86_64\eclipse\plugins\org.eclipse.justj.openjdk.hotspot.jre.full.win32.x86_64_16.0.2.v20210721-1149\jre\bin\dt_socket.dll
0x00007ffe22240000 - 0x00007ffe2227b000 	C:\Windows\SYSTEM32\IPHLPAPI.DLL
0x00007ffe225a0000 - 0x00007ffe2260a000 	C:\Windows\system32\mswsock.dll
0x00007ffe22290000 - 0x00007ffe2235b000 	C:\Windows\SYSTEM32\DNSAPI.dll
0x00007ffe23cf0000 - 0x00007ffe23cf8000 	C:\Windows\System32\NSI.dll
0x00007ffe1bfe0000 - 0x00007ffe1bfea000 	C:\Windows\System32\rasadhlp.dll
0x00007ffe1a330000 - 0x00007ffe1a3af000 	C:\Windows\System32\fwpuclnt.dll
0x00007ffe23200000 - 0x00007ffe23227000 	C:\Windows\System32\bcrypt.dll
0x00007ffe0da80000 - 0x00007ffe0da99000 	C:\Users\91949\Downloads\eclipse-jee-2021-09-R-win32-x86_64\eclipse\plugins\org.eclipse.justj.openjdk.hotspot.jre.full.win32.x86_64_16.0.2.v20210721-1149\jre\bin\net.dll
0x00007ffe1d7d0000 - 0x00007ffe1d8d0000 	C:\Windows\SYSTEM32\WINHTTP.dll
0x00007ffe064d0000 - 0x00007ffe064e3000 	C:\Users\91949\Downloads\eclipse-jee-2021-09-R-win32-x86_64\eclipse\plugins\org.eclipse.justj.openjdk.hotspot.jre.full.win32.x86_64_16.0.2.v20210721-1149\jre\bin\nio.dll
0x00007ffe18da0000 - 0x00007ffe18db0000 	C:\Users\91949\Downloads\eclipse-jee-2021-09-R-win32-x86_64\eclipse\plugins\org.eclipse.justj.openjdk.hotspot.jre.full.win32.x86_64_16.0.2.v20210721-1149\jre\bin\verify.dll

dbghelp: loaded successfully - version: 4.0.5 - missing functions: none
symbol engine: initialized successfully - sym options: 0x614 - pdb path: .;C:\Users\91949\Downloads\eclipse-jee-2021-09-R-win32-x86_64\eclipse\plugins\org.eclipse.justj.openjdk.hotspot.jre.full.win32.x86_64_16.0.2.v20210721-1149\jre\bin;C:\Windows\SYSTEM32;C:\Windows\WinSxS\amd64_microsoft.windows.common-controls_6595b64144ccf1df_6.0.19041.488_none_ca04af081b815d21;C:\Users\91949\Downloads\eclipse-jee-2021-09-R-win32-x86_64\eclipse\plugins\org.eclipse.justj.openjdk.hotspot.jre.full.win32.x86_64_16.0.2.v20210721-1149\jre\bin\server

VM Arguments:
jvm_args: -XX:+ShowCodeDetailsInExceptionMessages -agentlib:jdwp=transport=dt_socket,suspend=y,address=localhost:53612 -javaagent:C:\Users\91949\Downloads\eclipse-jee-2021-09-R-win32-x86_64\eclipse\configuration\org.eclipse.osgi\415\0\.cp\lib\javaagent-shaded.jar -Dfile.encoding=Cp1252 
java_command: automations.selenium
java_class_path (initial): C:\Users\91949\eclipse-workspace\Com.selenium.automation\target\test-classes;C:\Users\91949\eclipse-workspace\Com.selenium.automation\target\classes;C:\Users\91949\.m2\repository\org\seleniumhq\selenium\selenium-java\3.141.59\selenium-java-3.141.59.jar;C:\Users\91949\.m2\repository\org\seleniumhq\selenium\selenium-api\3.141.59\selenium-api-3.141.59.jar;C:\Users\91949\.m2\repository\org\seleniumhq\selenium\selenium-chrome-driver\3.141.59\selenium-chrome-driver-3.141.59.jar;C:\Users\91949\.m2\repository\org\seleniumhq\selenium\selenium-edge-driver\3.141.59\selenium-edge-driver-3.141.59.jar;C:\Users\91949\.m2\repository\org\seleniumhq\selenium\selenium-firefox-driver\3.141.59\selenium-firefox-driver-3.141.59.jar;C:\Users\91949\.m2\repository\org\seleniumhq\selenium\selenium-ie-driver\3.141.59\selenium-ie-driver-3.141.59.jar;C:\Users\91949\.m2\repository\org\seleniumhq\selenium\selenium-opera-driver\3.141.59\selenium-opera-driver-3.141.59.jar;C:\Users\91949\.m2\repository\org\seleniumhq\selenium\selenium-remote-driver\3.141.59\selenium-remote-driver-3.141.59.jar;C:\Users\91949\.m2\repository\org\seleniumhq\selenium\selenium-safari-driver\3.141.59\selenium-safari-driver-3.141.59.jar;C:\Users\91949\.m2\repository\org\seleniumhq\selenium\selenium-support\3.141.59\selenium-support-3.141.59.jar;C:\Users\91949\.m2\repository\net\bytebuddy\byte-buddy\1.8.15\byte-buddy-1.8.15.jar;C:\Users\91949\.m2\repository\org\apache\commons\commons-exec\1.3\commons-exec-1.3.jar;C:\Users\91949\.m2\repository\com\google\guava\guava\25.0-jre\guava-25.0-jre.jar;C:\Users\91949\.m2\repository\com\google\code\findbugs\jsr305\1.3.9\jsr305-1.3.9.jar;C:\Users\91949\.m2\repository\org\checkerframework\checker-compat-qual\2.0.0\checker-compat-qual-2.0.0.jar;C:\Users\91949\.m2\repository\com\google\errorprone\error_prone_annotations\2.1.3\error_prone_annotations-2.1.3.jar;C:\Users\91949\.m2\repository\com\google\j2objc\j2objc-annotations\1.1\j2objc-annotations-1.1.jar;C:\Use
Launcher Type: SUN_STANDARD

[Global flags]
     intx CICompilerCount                          = 3                                         {product} {ergonomic}
     uint ConcGCThreads                            = 1                                         {product} {ergonomic}
     uint G1ConcRefinementThreads                  = 4                                         {product} {ergonomic}
   size_t G1HeapRegionSize                         = 1048576                                   {product} {ergonomic}
    uintx GCDrainStackTargetSize                   = 64                                        {product} {ergonomic}
   size_t InitialHeapSize                          = 132120576                                 {product} {ergonomic}
   size_t MarkStackSize                            = 4194304                                   {product} {ergonomic}
   size_t MaxHeapSize                              = 2095054848                                {product} {ergonomic}
   size_t MaxNewSize                               = 1256194048                                {product} {ergonomic}
   size_t MinHeapDeltaBytes                        = 1048576                                   {product} {ergonomic}
   size_t MinHeapSize                              = 8388608                                   {product} {ergonomic}
    uintx NonNMethodCodeHeapSize                   = 5832780                                {pd product} {ergonomic}
    uintx NonProfiledCodeHeapSize                  = 122912730                              {pd product} {ergonomic}
    uintx ProfiledCodeHeapSize                     = 122912730                              {pd product} {ergonomic}
    uintx ReservedCodeCacheSize                    = 251658240                              {pd product} {ergonomic}
     bool SegmentedCodeCache                       = true                                      {product} {ergonomic}
     bool ShowCodeDetailsInExceptionMessages       = true                                   {manageable} {command line}
   size_t SoftMaxHeapSize                          = 2095054848                             {manageable} {ergonomic}
     bool UseCompressedClassPointers               = true                           {product lp64_product} {ergonomic}
     bool UseCompressedOops                        = true                           {product lp64_product} {ergonomic}
     bool UseG1GC                                  = true                                      {product} {ergonomic}
     bool UseLargePagesIndividualAllocation        = false                                  {pd product} {ergonomic}

Logging:
Log output configuration:
 #0: stdout all=warning uptime,level,tags
 #1: stderr all=off uptime,level,tags

Environment Variables:
JAVA_HOME=C:\Program Files\Java\jdk-11.0.13
PATH=C:\Users\91949\Downloads\eclipse-jee-2021-09-R-win32-x86_64\eclipse\plugins\org.eclipse.justj.openjdk.hotspot.jre.full.win32.x86_64_16.0.2.v20210721-1149\jre\bin;C:/Users/91949/Downloads/eclipse-jee-2021-09-R-win32-x86_64/eclipse//plugins/org.eclipse.justj.openjdk.hotspot.jre.full.win32.x86_64_16.0.2.v20210721-1149/jre/bin/server;C:/Users/91949/Downloads/eclipse-jee-2021-09-R-win32-x86_64/eclipse//plugins/org.eclipse.justj.openjdk.hotspot.jre.full.win32.x86_64_16.0.2.v20210721-1149/jre/bin;C:\Program Files\Common Files\Oracle\Java\javapath;C:\Windows\system32;C:\Windows;C:\Windows\System32\Wbem;C:\Windows\System32\WindowsPowerShell\v1.0\;C:\Windows\System32\OpenSSH\;C:\webdrivers;C:\Users\91949\AppData\Local\Microsoft\WindowsApps;C:\Program Files\Java\jdk-17.0.1;;C:\Users\91949\Downloads\eclipse-jee-2021-09-R-win32-x86_64\eclipse;
USERNAME=91949
OS=Windows_NT
PROCESSOR_IDENTIFIER=Intel64 Family 6 Model 140 Stepping 1, GenuineIntel



---------------  S Y S T E M  ---------------

OS:
 Windows 10 , 64 bit Build 19041 (10.0.19041.546)
OS uptime: 63 days 6:49 hours

CPU: total 4 (initial active 4) (2 cores per cpu, 2 threads per core) family 6 model 140 stepping 1 microcode 0x66, cx8, cmov, fxsr, ht, mmx, 3dnowpref, sse, sse2, sse3, ssse3, sse4.1, sse4.2, popcnt, lzcnt, tsc, tscinvbit, avx, avx2, aes, erms, clmul, bmi1, bmi2, adx, avx512f, avx512dq, avx512cd, avx512bw, avx512vl, sha, fma, vzeroupper, avx512_vpopcntdq, avx512_vpclmulqdq, avx512_vaes, avx512_vnni, clflush, clflushopt, clwb, avx512_vmbi2, avx512_vmbi

Memory: 4k page, system-wide physical 7991M (1449M free)
TotalPageFile size 10910M (AvailPageFile size 1882M)
current process WorkingSet (physical memory assigned to process): 46M, peak: 48M
current process commit charge ("private bytes"): 200M, peak: 203M

vm_info: OpenJDK 64-Bit Server VM (16.0.2+7-67) for windows-amd64 JRE (16.0.2+7-67), built on Jun  8 2021 23:21:43 by "mach5one" with MS VC++ 16.7 (VS2019)

END.
